2023/02/28 11:57:38 にビルドを開始しました。
     1>ノード 2 上のプロジェクト "C:\Users\yuyum\Desktop\Nessie\Nessie\Nessie\Nessie.vcxproj" (Build ターゲット)。
     1>ClCompile:
         C:\Program Files (x86)\Microsoft Visual Studio 11.0\VC\bin\CL.exe /c /IC:\Users\yuyum\Desktop\Nessie\Nessie\Nessie\ /ZI /nologo /W3 /WX- /Od /Oy- /D _MBCS /Gm /EHsc /RTC1 /MTd /GS /fp:precise /Zc:wchar_t /Zc:forScope /Fo"Debug\GameState\\" /Fd"Debug\vc110.pdb" /Gd /TP /analyze- /errorReport:prompt GameState\State.cpp
         State.cpp
       Link:
         C:\Program Files (x86)\Microsoft Visual Studio 11.0\VC\bin\link.exe /ERRORREPORT:PROMPT /OUT:"C:\Users\yuyum\Desktop\Nessie\Nessie\Debug\Nessie.exe" /INCREMENTAL /NOLOGO /LIBPATH:C:\Users\yuyum\Desktop\Nessie\Nessie\Nessie\GameLib\lib GameLib_d.lib kernel32.lib user32.lib gdi32.lib winspool.lib comdlg32.lib advapi32.lib shell32.lib ole32.lib oleaut32.lib uuid.lib odbc32.lib odbccp32.lib /MANIFEST /MANIFESTUAC:"level='asInvoker' uiAccess='false'" /manifest:embed /DEBUG /PDB:"C:\Users\yuyum\Desktop\Nessie\Nessie\Debug\Nessie.pdb" /TLBID:1 /DYNAMICBASE /NXCOMPAT /IMPLIB:"C:\Users\yuyum\Desktop\Nessie\Nessie\Debug\Nessie.lib" /MACHINE:X86 Debug\File.obj
         Debug\Image.obj
         Debug\main.obj
         Debug\Matrix23.obj
         Debug\Pad.obj
         Debug\SoundManager.obj
         Debug\StringRenderer.obj
         Debug\Vector2.obj
         Debug\GameState\DynamicObject.obj
         Debug\GameState\State.obj
         Debug\Sequence\Ending.obj
         Debug\Sequence\GameOver.obj
         Debug\Sequence\Parent.obj
         Debug\Sequence\Prologue.obj
         Debug\Sequence\Title.obj
         Debug\Sequence\Game\Clear.obj
         Debug\Sequence\Game\Failure.obj
         Debug\Sequence\Game\Parent.obj
         Debug\Sequence\Game\Play.obj
         Debug\Sequence\Game\Ready.obj
         Nessie.vcxproj -> C:\Users\yuyum\Desktop\Nessie\Nessie\Debug\Nessie.exe
     1>プロジェクト "C:\Users\yuyum\Desktop\Nessie\Nessie\Nessie\Nessie.vcxproj" (Build ターゲット) のビルドが完了しました。

ビルドに成功しました。

経過時間 00:00:00.92
